Сборка начата 25.04.2016 20:58:36.
     1>Проект "C:\Users\Мигмас\Desktop\RPG_1\RPG_1\RPG_1.vcxproj" в узле 2 (целевые объекты Build).
     1>ClCompile:
         C:\Program Files (x86)\Microsoft Visual Studio 12.0\VC\bin\CL.exe /c /I"D:\SFML-2.3.2\include" /ZI /nologo /W3 /WX- /sdl /Od /Oy- /D SFML_DYNAMIC /D WIN32 /D _DEBUG /D _CONSOLE /D _LIB /D _UNICODE /D UNICODE /Gm /EHsc /RTC1 /MDd /GS /fp:precise /Zc:wchar_t /Zc:forScope /Fo"Debug\\" /Fd"Debug\vc120.pdb" /Gd /TP /analyze- /errorReport:prompt main.cpp
         main.cpp
     1>c:\users\мигмас\desktop\rpg_1\rpg_1\level.h(61): warning C4244: return: преобразование "double" в "float", возможна потеря данных
     1>c:\users\мигмас\desktop\rpg_1\rpg_1\level.h(145): warning C4244: инициализация: преобразование "double" в "float", возможна потеря данных
     1>c:\users\мигмас\desktop\rpg_1\rpg_1\level.h(146): warning C4244: =: преобразование "float" в "int", возможна потеря данных
     1>c:\users\мигмас\desktop\rpg_1\rpg_1\level.h(186): warning C4244: аргумент: преобразование "int" в "float", возможна потеря данных
     1>c:\users\мигмас\desktop\rpg_1\rpg_1\level.h(243): warning C4244: аргумент: преобразование "int" в "float", возможна потеря данных
     1>c:\users\мигмас\desktop\rpg_1\rpg_1\level.h(264): warning C4244: =: преобразование "int" в "float", возможна потеря данных
     1>c:\users\мигмас\desktop\rpg_1\rpg_1\level.h(265): warning C4244: =: преобразование "int" в "float", возможна потеря данных
     1>c:\users\мигмас\desktop\rpg_1\rpg_1\level.h(266): warning C4244: =: преобразование "int" в "float", возможна потеря данных
     1>c:\users\мигмас\desktop\rpg_1\rpg_1\level.h(267): warning C4244: =: преобразование "int" в "float", возможна потеря данных
     1>c:\users\мигмас\desktop\rpg_1\rpg_1\level.h(310): warning C4018: <: несоответствие типов со знаком и без знака
     1>c:\users\мигмас\desktop\rpg_1\rpg_1\level.h(319): warning C4018: <: несоответствие типов со знаком и без знака
     1>c:\users\мигмас\desktop\rpg_1\rpg_1\level.h(341): warning C4018: <: несоответствие типов со знаком и без знака
     1>c:\users\мигмас\desktop\rpg_1\rpg_1\level.h(342): warning C4018: <: несоответствие типов со знаком и без знака
     1>c:\users\мигмас\desktop\rpg_1\rpg_1\main.cpp(68): warning C4018: <: несоответствие типов со знаком и без знака
     1>c:\users\мигмас\desktop\rpg_1\rpg_1\level.h(313): warning C4715: Level::GetObject: значение возвращается не при всех путях выполнения
       Link:
         C:\Program Files (x86)\Microsoft Visual Studio 12.0\VC\bin\link.exe /ERRORREPORT:PROMPT /OUT:"C:\Users\Мигмас\Desktop\RPG_1\Debug\RPG_1.exe" /INCREMENTAL /NOLOGO /LIBPATH:"D:\SFML-2.3.2\lib" "sfml-graphics-d.lib" "sfml-window-d.lib" "sfml-system-d.lib" "sfml-audio-d.lib" kernel32.lib user32.lib gdi32.lib winspool.lib comdlg32.lib advapi32.lib shell32.lib ole32.lib oleaut32.lib uuid.lib odbc32.lib odbccp32.lib kernel32.lib user32.lib gdi32.lib winspool.lib comdlg32.lib advapi32.lib shell32.lib ole32.lib oleaut32.lib uuid.lib odbc32.lib odbccp32.lib /MANIFEST /MANIFESTUAC:"level='asInvoker' uiAccess='false'" /manifest:embed /DEBUG /PDB:"C:\Users\Мигмас\Desktop\RPG_1\Debug\RPG_1.pdb" /SUBSYSTEM:CONSOLE /TLBID:1 /DYNAMICBASE /NXCOMPAT /IMPLIB:"C:\Users\Мигмас\Desktop\RPG_1\Debug\RPG_1.lib" /MACHINE:X86 Debug\main.obj
         Debug\tinystr.obj
         Debug\tinyxml.obj
         Debug\tinyxmlerror.obj
         Debug\tinyxmlparser.obj
         RPG_1.vcxproj -> C:\Users\Мигмас\Desktop\RPG_1\Debug\RPG_1.exe
     1>Сборка проекта "C:\Users\Мигмас\Desktop\RPG_1\RPG_1\RPG_1.vcxproj" завершена (целевые объекты Build).

Сборка успешно завершена.

Затраченное время: 00:00:02.51
